client:733 [vite] connecting...
chunk-K23GC2QC.js?v=1fe8a1df:21609 Download the React DevTools for a better development experience: https://reactjs.org/link/react-devtools
client:827 [vite] connected.
useGameContract.ts:27 Create game transaction result: {
  "digest": "H19qCy5D5NBh5LfB6h18nJwYFiRNon4vL2vyxyQxKcct",
  "rawEffects": [
    1,
    0,
    45,
    3,
    0,
    0,
    0,
    0,
    0,
    0,
    64,
    66,
    15,
    0,
    0,
    0,
    0,
    0,
    32,
    40,
    123,
    0,
    0,
    0,
    0,
    0,
    96,
    48,
    54,
    0,
    0,
    0,
    0,
    0,
    32,
    140,
    0,
    0,
    0,
    0,
    0,
    0,
    32,
    237,
    196,
    249,
    234,
    10,
    155,
    193,
    131,
    205,
    218,
    35,
    30,
    131,
    255,
    98,
    99,
    113,
    45,
    204,
    116,
    224,
    199,
    177,
    192,
    87,
    122,
    0,
    231,
    223,
    179,
    240,
    45,
    1,
    0,
    0,
    0,
    0,
    1,
    32,
    146,
    171,
    190,
    128,
    154,
    129,
    60,
    231,
    187,
    58,
    88,
    87,
    157,
    5,
    61,
    166,
    93,
    205,
    155,
    94,
    219,
    219,
    47,
    212,
    79,
    179,
    26,
    125,
    242,
    178,
    148,
    139,
    2,
    32,
    160,
    96,
    87,
    42,
    189,
    48,
    225,
    37,
    5,
    115,
    59,
    59,
    63,
    175,
    139,
    204,
    78,
    91,
    228,
    174,
    137,
    124,
    183,
    15,
    94,
    30,
    202,
    122,
    196,
    121,
    52,
    96,
    32,
    255,
    100,
    225,
    158,
    123,
    153,
    236,
    36,
    76,
    139,
    121,
    23,
    239,
    51,
    234,
    82,
    138,
    210,
    4,
    106,
    234,
    185,
    158,
    249,
    156,
    209,
    143,
    134,
    116,
    158,
    145,
    251,
    235,
    251,
    167,
    30,
    0,
    0,
    0,
    0,
    3,
    49,
    51,
    163,
    45,
    91,
    65,
    202,
    106,
    168,
    192,
    227,
    162,
    163,
    117,
    141,
    233,
    3,
    231,
    203,
    66,
    79,
    215,
    191,
    251,
    14,
    62,
    183,
    98,
    202,
    14,
    241,
    234,
    1,
    234,
    251,
    167,
    30,
    0,
    0,
    0,
    0,
    32,
    58,
    3,
    236,
    202,
    78,
    141,
    25,
    86,
    186,
    172,
    215,
    248,
    205,
    239,
    223,
    148,
    25,
    87,
    168,
    8,
    15,
    126,
    123,
    20,
    203,
    195,
    191,
    203,
    239,
    254,
    1,
    240,
    0,
    61,
    36,
    19,
    196,
    104,
    90,
    181,
    125,
    49,
    187,
    221,
    80,
    68,
    98,
    25,
    16,
    254,
    47,
    205,
    188,
    2,
    190,
    122,
    146,
    111,
    167,
    214,
    108,
    83,
    95,
    232,
    86,
    1,
    32,
    38,
    26,
    246,
    251,
    55,
    236,
    203,
    105,
    175,
    237,
    53,
    44,
    108,
    96,
    41,
    236,
    87,
    63,
    232,
    6,
    223,
    192,
    225,
    46,
    37,
    119,
    110,
    101,
    158,
    181,
    93,
    169,
    0,
    61,
    36,
    19,
    196,
    104,
    90,
    181,
    125,
    49,
    187,
    221,
    80,
    68,
    98,
    25,
    16,
    254,
    47,
    205,
    188,
    2,
    190,
    122,
    146,
    111,
    167,
    214,
    108,
    83,
    95,
    232,
    86,
    0,
    97,
    153,
    45,
    245,
    197,
    205,
    142,
    204,
    137,
    42,
    246,
    249,
    21,
    235,
    26,
    97,
    11,
    207,
    255,
    133,
    60,
    220,
    160,
    113,
    180,
    202,
    127,
    62,
    74,
    112,
    245,
    183,
    1,
    234,
    251,
    167,
    30,
    0,
    0,
    0,
    0,
    32,
    246,
    183,
    204,
    31,
    35,
    56,
    129,
    155,
    181,
    19,
    44,
    148,
    102,
    42,
    203,
    3,
    57,
    13,
    214,
    117,
    23,
    168,
    228,
    53,
    132,
    8,
    6,
    104,
    119,
    231,
    43,
    111,
    2,
    229,
    251,
    167,
    30,
    0,
    0,
    0,
    0,
    1,
    32,
    5,
    165,
    254,
    84,
    4,
    21,
    101,
    29,
    163,
    220,
    120,
    99,
    228,
    4,
    98,
    115,
    164,
    138,
    255,
    154,
    171,
    1,
    126,
    156,
    240,
    251,
    54,
    221,
    146,
    127,
    137,
    159,
    2,
    229,
    251,
    167,
    30,
    0,
    0,
    0,
    0,
    0,
    102,
    6,
    225,
    146,
    56,
    43,
    177,
    201,
    46,
    68,
    86,
    108,
    55,
    29,
    50,
    162,
    11,
    202,
    209,
    187,
    188,
    2,
    22,
    109,
    97,
    181,
    117,
    79,
    222,
    119,
    221,
    44,
    0,
    1,
    32,
    147,
    241,
    89,
    172,
    215,
    158,
    42,
    27,
    234,
    95,
    6,
    119,
    118,
    155,
    132,
    72,
    7,
    85,
    182,
    116,
    39,
    37,
    202,
    189,
    32,
    219,
    49,
    212,
    123,
    77,
    216,
    220,
    2,
    235,
    251,
    167,
    30,
    0,
    0,
    0,
    0,
    1,
    0,
    0
  ],
  "effects": "AQAtAwAAAAAAAEBCDwAAAAAAICh7AAAAAABgMDYAAAAAACCMAAAAAAAAIO3E+eoKm8GDzdojHoP/YmNxLcx04MexwFd6AOffs/AtAQAAAAABIJKrvoCagTznuzpYV50FPaZdzZte29sv1E+zGn3yspSLAiCgYFcqvTDhJQVzOzs/r4vMTlvkrol8tw9eHsp6xHk0YCD/ZOGee5nsJEyLeRfvM+pSitIEauq5nvmc0Y+GdJ6R++v7px4AAAAAAzEzoy1bQcpqqMDjoqN1jekD58tCT9e/+w4+t2LKDvHqAer7px4AAAAAIDoD7MpOjRlWuqzX+M3v35QZV6gID357FMvDv8vv/gHwAD0kE8RoWrV9MbvdUERiGRD+L828Ar56km+n1mxTX+hWASAmGvb7N+zLaa/tNSxsYCnsVz/oBt/A4S4ld25lnrVdqQA9JBPEaFq1fTG73VBEYhkQ/i/NvAK+epJvp9ZsU1/oVgBhmS31xc2OzIkq9vkV6xphC8//hTzcoHG0yn8+SnD1twHq+6ceAAAAACD2t8wfIziBm7UTLJRmKssDOQ3WdReo5DWECAZod+crbwLl+6ceAAAAAAEgBaX+VAQVZR2j3Hhj5ARic6SK/5qrAX6c8Ps23ZJ/iZ8C5funHgAAAAAAZgbhkjgrsckuRFZsNx0yogvK0bu8AhZtYbV1T9533SwAASCT8Vms154qG+pfBnd2m4RIB1W2dCclyr0g2zHUe03Y3ALr+6ceAAAAAAEAAA==",
  "bytes": "AAABAQFhmS31xc2OzIkq9vkV6xphC8//hTzcoHG0yn8+SnD1t+X7px4AAAAAAQEAVFcVFIV94o+eFrSZyZaVJ0tkib4UfAYTZvd16xILVBIEZ2FtZQtjcmVhdGVfZ2FtZQABAQAAPSQTxGhatX0xu91QRGIZEP4vzbwCvnqSb6fWbFNf6FYBMTOjLVtBymqowOOio3WN6QPny0JP17/7Dj63YsoO8erq+6ceAAAAACA6A+zKTo0ZVrqs1/jN79+UGVeoCA9+exTLw7/L7/4B8D0kE8RoWrV9MbvdUERiGRD+L828Ar56km+n1mxTX+hW6AMAAAAAAAAIaXIAAAAAAAA=",
  "signature": "AHGxO2PeNA8Ynf+0YFq/8i4bcdNOljG8/BOH9skKjsOaGFktdORJb92hH+GPBaLXWhp9ledKKqKhYGyIeLoGuAk0HCdE+LjhEK6xYzfx+hPyLlOQRcjK0Ct7TsPExuD5ZQ=="
}
useGameContract.ts:70 Final extracted game ID: null
GameLobby.tsx:46 Create game result: {digest: 'H19qCy5D5NBh5LfB6h18nJwYFiRNon4vL2vyxyQxKcct', rawEffects: Array(571), effects: 'AQAtAwAAAAAAAEBCDwAAAAAAICh7AAAAAABgMDYAAAAAACCMAA…fBnd2m4RIB1W2dCclyr0g2zHUe03Y3ALr+6ceAAAAAAEAAA==', bytes: 'AAABAQFhmS31xc2OzIkq9vkV6xphC8//hTzcoHG0yn8+SnD1t+…iGRD+L828Ar56km+n1mxTX+hW6AMAAAAAAAAIaXIAAAAAAAA=', signature: 'AHGxO2PeNA8Ynf+0YFq/8i4bcdNOljG8/BOH9skKjsOaGFktdO…GuAk0HCdE+LjhEK6xYzfx+hPyLlOQRcjK0Ct7TsPExuD5ZQ==', …}bytes: "AAABAQFhmS31xc2OzIkq9vkV6xphC8//hTzcoHG0yn8+SnD1t+X7px4AAAAAAQEAVFcVFIV94o+eFrSZyZaVJ0tkib4UfAYTZvd16xILVBIEZ2FtZQtjcmVhdGVfZ2FtZQABAQAAPSQTxGhatX0xu91QRGIZEP4vzbwCvnqSb6fWbFNf6FYBMTOjLVtBymqowOOio3WN6QPny0JP17/7Dj63YsoO8erq+6ceAAAAACA6A+zKTo0ZVrqs1/jN79+UGVeoCA9+exTLw7/L7/4B8D0kE8RoWrV9MbvdUERiGRD+L828Ar56km+n1mxTX+hW6AMAAAAAAAAIaXIAAAAAAAA="digest: "H19qCy5D5NBh5LfB6h18nJwYFiRNon4vL2vyxyQxKcct"effects: "AQAtAwAAAAAAAEBCDwAAAAAAICh7AAAAAABgMDYAAAAAACCMAAAAAAAAIO3E+eoKm8GDzdojHoP/YmNxLcx04MexwFd6AOffs/AtAQAAAAABIJKrvoCagTznuzpYV50FPaZdzZte29sv1E+zGn3yspSLAiCgYFcqvTDhJQVzOzs/r4vMTlvkrol8tw9eHsp6xHk0YCD/ZOGee5nsJEyLeRfvM+pSitIEauq5nvmc0Y+GdJ6R++v7px4AAAAAAzEzoy1bQcpqqMDjoqN1jekD58tCT9e/+w4+t2LKDvHqAer7px4AAAAAIDoD7MpOjRlWuqzX+M3v35QZV6gID357FMvDv8vv/gHwAD0kE8RoWrV9MbvdUERiGRD+L828Ar56km+n1mxTX+hWASAmGvb7N+zLaa/tNSxsYCnsVz/oBt/A4S4ld25lnrVdqQA9JBPEaFq1fTG73VBEYhkQ/i/NvAK+epJvp9ZsU1/oVgBhmS31xc2OzIkq9vkV6xphC8//hTzcoHG0yn8+SnD1twHq+6ceAAAAACD2t8wfIziBm7UTLJRmKssDOQ3WdReo5DWECAZod+crbwLl+6ceAAAAAAEgBaX+VAQVZR2j3Hhj5ARic6SK/5qrAX6c8Ps23ZJ/iZ8C5funHgAAAAAAZgbhkjgrsckuRFZsNx0yogvK0bu8AhZtYbV1T9533SwAASCT8Vms154qG+pfBnd2m4RIB1W2dCclyr0g2zHUe03Y3ALr+6ceAAAAAAEAAA=="gameId: nullrawEffects: (571) [1, 0, 45, 3, 0, 0, 0, 0, 0, 0, 64, 66, 15, 0, 0, 0, 0, 0, 32, 40, 123, 0, 0, 0, 0, 0, 96, 48, 54, 0, 0, 0, 0, 0, 32, 140, 0, 0, 0, 0, 0, 0, 32, 237, 196, 249, 234, 10, 155, 193, 131, 205, 218, 35, 30, 131, 255, 98, 99, 113, 45, 204, 116, 224, 199, 177, 192, 87, 122, 0, 231, 223, 179, 240, 45, 1, 0, 0, 0, 0, 1, 32, 146, 171, 190, 128, 154, 129, 60, 231, 187, 58, 88, 87, 157, 5, 61, 166, 93, 205, …]signature: "AHGxO2PeNA8Ynf+0YFq/8i4bcdNOljG8/BOH9skKjsOaGFktdORJb92hH+GPBaLXWhp9ledKKqKhYGyIeLoGuAk0HCdE+LjhEK6xYzfx+hPyLlOQRcjK0Ct7TsPExuD5ZQ=="[[Prototype]]: Object
handleCreateGame @ GameLobby.tsx:46
await in handleCreateGame
callCallback2 @ chunk-K23GC2QC.js?v=1fe8a1df:3680
invokeGuardedCallbackDev @ chunk-K23GC2QC.js?v=1fe8a1df:3705
invokeGuardedCallback @ chunk-K23GC2QC.js?v=1fe8a1df:3739
invokeGuardedCallbackAndCatchFirstError @ chunk-K23GC2QC.js?v=1fe8a1df:3742
executeDispatch @ chunk-K23GC2QC.js?v=1fe8a1df:7046
processDispatchQueueItemsInOrder @ chunk-K23GC2QC.js?v=1fe8a1df:7066
processDispatchQueue @ chunk-K23GC2QC.js?v=1fe8a1df:7075
dispatchEventsForPlugins @ chunk-K23GC2QC.js?v=1fe8a1df:7083
(anonymous) @ chunk-K23GC2QC.js?v=1fe8a1df:7206
batchedUpdates$1 @ chunk-K23GC2QC.js?v=1fe8a1df:18966
batchedUpdates @ chunk-K23GC2QC.js?v=1fe8a1df:3585
dispatchEventForPluginEventSystem @ chunk-K23GC2QC.js?v=1fe8a1df:7205
dispatchEventWithEnableCapturePhaseSelectiveHydrationWithoutDiscreteEventReplay @ chunk-K23GC2QC.js?v=1fe8a1df:5484
dispatchEvent @ chunk-K23GC2QC.js?v=1fe8a1df:5478
dispatchDiscreteEvent @ chunk-K23GC2QC.js?v=1fe8a1df:5455
